C51 COMPILER V9.60.7.0   DATA_TRANSMITTER                                                  01/14/2024 20:36:53 PAGE 1   


C51 COMPILER V9.60.7.0, COMPILATION OF MODULE DATA_TRANSMITTER
OBJECT MODULE PLACED IN .\Objects\data transmitter.obj
COMPILER INVOKED BY: C:\Keil_v5\C51\BIN\C51.EXE data transmitter.c OPTIMIZE(8,SPEED) BROWSE DEBUG OBJECTEXTEND PRINT(.\L
                    -istings\data transmitter.lst) TABS(2) OBJECT(.\Objects\data transmitter.obj)

line level    source

   1          #include<reg51.h>
   2          void Send(unsigned char);
   3          void main(void)
   4          {
   5   1      TMOD=0x20;
   6   1      SCON=0x50;
   7   1        TH1=-3;
   8   1        TR1=1;
   9   1        while(1)
  10   1        {
  11   2          Send("Welcome to MET Bhujbal Knowledge City");
*** WARNING C214 IN LINE 11 OF data transmitter.c: 'Argument': conversion: pointer to non-pointer
  12   2        }
  13   1      }
  14          
  15          void send(unsigned char mb)
  16          {
  17   1        SBUF=mb;
  18   1        while(TI==0);
  19   1        TI=0;
  20   1      }


MODULE INFORMATION:   STATIC OVERLAYABLE
   CODE SIZE        =     26    ----
   CONSTANT SIZE    =     38    ----
   XDATA SIZE       =   ----    ----
   PDATA SIZE       =   ----    ----
   DATA SIZE        =   ----    ----
   IDATA SIZE       =   ----    ----
   BIT SIZE         =   ----    ----
END OF MODULE INFORMATION.


C51 COMPILATION COMPLETE.  1 WARNING(S),  0 ERROR(S)
