C51 COMPILER V9.59.0.0   DATA_RECEPTION                                                    01/11/2019 21:16:02 PAGE 1   


C51 COMPILER V9.59.0.0, COMPILATION OF MODULE DATA_RECEPTION
OBJECT MODULE PLACED IN .\Objects\DATA RECEPTION.obj
COMPILER INVOKED BY: C:\Keil_v5\C51\BIN\C51.EXE DATA RECEPTION.C OPTIMIZE(8,SPEED) BROWSE DEBUG OBJECTEXTEND PRINT(.\Lis
                    -tings\DATA RECEPTION.lst) TABS(2) OBJECT(.\Objects\DATA RECEPTION.obj)

line level    source

   1          #include<reg51.h>
   2          sbit rs=P2^0;
   3          sbit rw=P2^1;
   4          sbit en=P2^2;
   5          void msdelay(unsigned int);
   6          void lcdcmd(unsigned char);
   7          void lcddata(unsigned char [],unsigned char);
   8          void lcddata_c(unsigned char);
   9          void main(void)
  10          {
  11   1        unsigned char dt;
  12   1       P0=00;
  13   1        rs=0;
  14   1        rw=0;
  15   1        en=0;
  16   1        TMOD=0x20;
  17   1        SCON=0x50;
  18   1        TH1=-3;
  19   1        TR1=1;
  20   1        lcdcmd(0x38);
  21   1        lcdcmd(0x0f);
  22   1        lcdcmd(0x06);
  23   1        lcdcmd(0x01);
  24   1        
  25   1        lcdcmd(0x80);
  26   1        lcddata("data rec*n",1);
  27   1        lcdcmd(0x90);
  28   1        lcddata("system",6);
  29   1        while(1)
  30   1        {
  31   2          while(RI==0);
  32   2      dt=SBUF;
  33   2      RI=0;
  34   2          lcddata_c(dt);
  35   2        }
  36   1      }
  37          void lcddata_c(unsigned char dt)
  38          {
  39   1        P0=dt;
  40   1        rs=1;
  41   1        rw=0;
  42   1        en=1;
  43   1      msdelay(5);
  44   1        en=0;
  45   1      }
  46          
  47          void msdelay(unsigned int a)
  48          {
  49   1        unsigned char x,y;
  50   1        for(x=0;x<a;x++)
  51   1        for(y=0;y<1275;y++);
  52   1      }//
  53          
  54          
C51 COMPILER V9.59.0.0   DATA_RECEPTION                                                    01/11/2019 21:16:02 PAGE 2   

  55          void lcdcmd(unsigned char cmd)
  56          {
  57   1      P0=cmd;
  58   1        rs=0;
  59   1        rw=0;
  60   1        en=1;
  61   1        msdelay(5);
  62   1        en=0;
  63   1      }
  64          
  65          void lcddata(unsigned char a[],unsigned char len)
  66          {
  67   1        unsigned char x;
  68   1        for(x=0;x<len;x++)
  69   1        {
  70   2      P0=a[x];
  71   2          rs=1;
  72   2          rw=0;
  73   2          en=1;
  74   2          msdelay(5);
  75   2          en=0;
  76   2        }
  77   1      }


MODULE INFORMATION:   STATIC OVERLAYABLE
   CODE SIZE        =    188    ----
   CONSTANT SIZE    =     18    ----
   XDATA SIZE       =   ----    ----
   PDATA SIZE       =   ----    ----
   DATA SIZE        =   ----       6
   IDATA SIZE       =   ----    ----
   BIT SIZE         =   ----    ----
END OF MODULE INFORMATION.


C51 COMPILATION COMPLETE.  0 WARNING(S),  0 ERROR(S)
