C51 COMPILER V9.59.0.0   MOTOR                                                             09/27/2018 20:53:28 PAGE 1   


C51 COMPILER V9.59.0.0, COMPILATION OF MODULE MOTOR
OBJECT MODULE PLACED IN .\Objects\motor.obj
COMPILER INVOKED BY: C:\Keil_v5\C51\BIN\C51.EXE motor.c OPTIMIZE(8,SPEED) BROWSE DEBUG OBJECTEXTEND PRINT(.\Listings\mot
                    -or.lst) TABS(2) OBJECT(.\Objects\motor.obj)

line level    source

   1          #include <reg51.h>
   2          sbit sw1=P2^0;
   3          sbit sw2=P2^1;
   4          sbit relay1=P2^2;
   5          sbit relay2=P2^3;
   6          void main (void)
   7          {
   8   1        sw1=1;//as i/p
   9   1        sw2=1;//as i/p
  10   1        relay1=0;//as o/p
  11   1        relay2=0;//as o/p
  12   1        while(1)
  13   1        {
  14   2          if(sw1==0)
  15   2            relay1=1;
  16   2          else
  17   2            relay1=0;
  18   2          {
  19   3              if(sw2==0)
  20   3                relay2=1;
  21   3          else
  22   3            relay2=0;
  23   3        }
  24   2        }//end of while
  25   1      }//end of main


MODULE INFORMATION:   STATIC OVERLAYABLE
   CODE SIZE        =     28    ----
   CONSTANT SIZE    =   ----    ----
   XDATA SIZE       =   ----    ----
   PDATA SIZE       =   ----    ----
   DATA SIZE        =   ----    ----
   IDATA SIZE       =   ----    ----
   BIT SIZE         =   ----    ----
END OF MODULE INFORMATION.


C51 COMPILATION COMPLETE.  0 WARNING(S),  0 ERROR(S)
