C51 COMPILER V7.50   KARAN                                                                 08/15/2018 21:09:54 PAGE 1   


C51 COMPILER V7.50, COMPILATION OF MODULE KARAN
OBJECT MODULE PLACED IN karan.OBJ
COMPILER INVOKED BY: C:\Keil\C51\BIN\C51.EXE karan.c BROWSE DEBUG OBJECTEXTEND

line level    source

   1          #include<reg51.h>
   2          void msdelay(unsigned int);
   3          void main(void)
   4          {
   5   1      unsigned char a,x;
   6   1      P2=00;//act as o/p
   7   1      while(1)
   8   1      {
   9   2      P2=0x80;
  10   2      for(x=0;x<8;x++)
  11   2      {
  12   3      P2=a;
  13   3      msdelay(10);
  14   3      a=a>>1;
  15   3      }//end of for
  16   2      }//end of while
  17   1      }//end for main
  18          
  19          void msdelay(unsigned int a)
  20          {
  21   1       unsigned int x,y;
  22   1       for(x=0;x<a;x++)
  23   1       for (y=0;y<1275;y++);
  24   1       }//end of msdelay


MODULE INFORMATION:   STATIC OVERLAYABLE
   CODE SIZE        =     68    ----
   CONSTANT SIZE    =   ----    ----
   XDATA SIZE       =   ----    ----
   PDATA SIZE       =   ----    ----
   DATA SIZE        =   ----       2
   IDATA SIZE       =   ----    ----
   BIT SIZE         =   ----    ----
END OF MODULE INFORMATION.


C51 COMPILATION COMPLETE.  0 WARNING(S),  0 ERROR(S)
