C51 COMPILER V7.50   KARAN                                                                 08/15/2018 20:44:26 PAGE 1   


C51 COMPILER V7.50, COMPILATION OF MODULE KARAN
OBJECT MODULE PLACED IN karan.OBJ
COMPILER INVOKED BY: C:\Keil\C51\BIN\C51.EXE karan.c BROWSE DEBUG OBJECTEXTEND

line level    source

   1          #include<reg51.h>
   2          void msdelay(unsigned int);
   3          void main(void)
   4          {
   5   1      unsigned char a[]={0x01,0x02,0x04,0x08,0x10,0x20,0x40,0x80},x;
   6   1      P2=00;
   7   1      while(1)
   8   1      {
   9   2      for(x=0;x<8;x++)
  10   2      {
  11   3      P2=a[x];
  12   3      msdelay(20);
  13   3      }//end of for
  14   2      }//end of while
  15   1      }//end of main
  16          
  17          
  18          void msdelay(unsigned int a)
  19          {
  20   1      unsigned int x,y;
  21   1      for(x=0;x<a;x++)
  22   1      for(y=0;y<1275;y++);
  23   1      }//end of msdelay


MODULE INFORMATION:   STATIC OVERLAYABLE
   CODE SIZE        =     83    ----
   CONSTANT SIZE    =      8    ----
   XDATA SIZE       =   ----    ----
   PDATA SIZE       =   ----    ----
   DATA SIZE        =   ----       9
   IDATA SIZE       =   ----    ----
   BIT SIZE         =   ----    ----
END OF MODULE INFORMATION.


C51 COMPILATION COMPLETE.  0 WARNING(S),  0 ERROR(S)
