C51 COMPILER V9.59.0.0   PROJ3                                                             09/21/2018 19:55:54 PAGE 1   


C51 COMPILER V9.59.0.0, COMPILATION OF MODULE PROJ3
OBJECT MODULE PLACED IN proj3.OBJ
COMPILER INVOKED BY: C:\Keil_v5\C51\BIN\C51.EXE proj3.c OPTIMIZE(8,SPEED) BROWSE DEBUG OBJECTEXTEND TABS(2)

line level    source

   1          #include<reg51.h>
   2          void msdelay(unsigned int a);
   3          void main (void)
   4          {
   5   1       P2=00; //ACT AS O/P
   6   1        while(1)
   7   1      {
   8   2       P2=0X18;//TWO LEDS ON
   9   2       msdelay(100);
  10   2       P2=0x24;//nxt leds on
  11   2       msdelay(100);
  12   2       P2=0x42;//nxt leds on
  13   2       msdelay(100);
  14   2       P2=0x81;//nxt leds on
  15   2       msdelay(100);
  16   2      }//end of while
  17   1       }//end of main
  18          
  19          
  20           void msdelay(unsigned int a)
  21           {
  22   1       unsigned int x,y;
  23   1       for(x=0;x<a;x++)
  24   1       for(y=0;y<1275;y++);
  25   1       }//end of msdelay


MODULE INFORMATION:   STATIC OVERLAYABLE
   CODE SIZE        =     65    ----
   CONSTANT SIZE    =   ----    ----
   XDATA SIZE       =   ----    ----
   PDATA SIZE       =   ----    ----
   DATA SIZE        =   ----    ----
   IDATA SIZE       =   ----    ----
   BIT SIZE         =   ----    ----
END OF MODULE INFORMATION.


C51 COMPILATION COMPLETE.  0 WARNING(S),  0 ERROR(S)
