C51 COMPILER V9.59.0.0   PROJ1                                                             09/21/2018 20:26:21 PAGE 1   


C51 COMPILER V9.59.0.0, COMPILATION OF MODULE PROJ1
OBJECT MODULE PLACED IN .\Objects\proj1.obj
COMPILER INVOKED BY: C:\Keil_v5\C51\BIN\C51.EXE proj1.c OPTIMIZE(8,SPEED) BROWSE DEBUG OBJECTEXTEND PRINT(.\Listings\pro
                    -j1.lst) TABS(2) OBJECT(.\Objects\proj1.obj)

line level    source

   1          #include<reg51.h>
   2          void msdelay(unsigned int);
   3          void main (void)
   4          {
   5   1        P2=00;
   6   1        while(1)
   7   1        {
   8   2            P2=0x81;
   9   2      msdelay(100);
  10   2          P2=0x42;
  11   2      msdelay(100);
  12   2          P2=0x24;
  13   2      msdelay(100);
  14   2          P2=0x18;
  15   2      msdelay(100);
  16   2          P2=0x18;
  17   2      msdelay(100);
  18   2          P2=0x24;
  19   2      msdelay(100);
  20   2          P2=0x42;
  21   2      msdelay(100);
  22   2          P2=0x81;
  23   2      msdelay(100);
  24   2        }//end of while
  25   1      }//end of main
  26          
  27          
  28          void msdelay(unsigned int a)
  29          {
  30   1        unsigned int x,y;
  31   1        for(x=0;x<a;x++)
  32   1        for(y=0;y<1275;y++);
  33   1      }//end of msdelay


MODULE INFORMATION:   STATIC OVERLAYABLE
   CODE SIZE        =     86    ----
   CONSTANT SIZE    =   ----    ----
   XDATA SIZE       =   ----    ----
   PDATA SIZE       =   ----    ----
   DATA SIZE        =   ----    ----
   IDATA SIZE       =   ----    ----
   BIT SIZE         =   ----    ----
END OF MODULE INFORMATION.


C51 COMPILATION COMPLETE.  0 WARNING(S),  0 ERROR(S)
