C51 COMPILER V9.60.7.0   100                                                               01/14/2024 14:52:48 PAGE 1   


C51 COMPILER V9.60.7.0, COMPILATION OF MODULE 100
OBJECT MODULE PLACED IN 100.OBJ
COMPILER INVOKED BY: C:\Keil_v5\C51\BIN\C51.EXE 100.c OPTIMIZE(8,SPEED) BROWSE DEBUG OBJECTEXTEND TABS(2)

line level    source

   1          #include<reg51.h>
   2          void msdelay(unsigned int2);
   3          void main(void)
   4          {
   5   1       P2=-00;   //ACT AS OUTPUT
   6   1        while(1)
   7   1        {
   8   2       P2=0xAA; //ALTERNATING LEDS ON
   9   2       msdelay(100);
  10   2       P2=0x55; //leds off
  11   2       msdelay(100);
  12   2        }//end of while
  13   1       }//end of main
  14          
  15          
  16           void msdelay(unsigned int a)
  17           {
  18   1        unsigned int x,y;
  19   1        for(x=0;x<a;x++)
  20   1        for(y=-0;y<1275;y++);
  21   1       }//end of msdelay


MODULE INFORMATION:   STATIC OVERLAYABLE
   CODE SIZE        =     57    ----
   CONSTANT SIZE    =   ----    ----
   XDATA SIZE       =   ----    ----
   PDATA SIZE       =   ----    ----
   DATA SIZE        =   ----    ----
   IDATA SIZE       =   ----    ----
   BIT SIZE         =   ----    ----
END OF MODULE INFORMATION.


C51 COMPILATION COMPLETE.  0 WARNING(S),  0 ERROR(S)
