C51 COMPILER V9.59.0.0   PROJ1                                                             09/15/2018 22:26:25 PAGE 1   


C51 COMPILER V9.59.0.0, COMPILATION OF MODULE PROJ1
OBJECT MODULE PLACED IN .\Objects\proj1.obj
COMPILER INVOKED BY: C:\Keil_v5\C51\BIN\C51.EXE proj1.c OPTIMIZE(8,SPEED) BROWSE DEBUG OBJECTEXTEND PRINT(.\Listings\pro
                    -j1.lst) TABS(2) OBJECT(.\Objects\proj1.obj)

line level    source

   1            #include<reg51.h>
   2          sbit relay=P2^0;
   3          sbit sw=P2^2;
   4          void  main(void)
   5          {
   6   1        sw=1;
   7   1        relay=0;
   8   1        while(1)
   9   1        {
  10   2          if(sw==0)
  11   2            relay=1;
  12   2          else
  13   2            relay=0;
  14   2        }//end of while
  15   1      }//end of main


MODULE INFORMATION:   STATIC OVERLAYABLE
   CODE SIZE        =     15    ----
   CONSTANT SIZE    =   ----    ----
   XDATA SIZE       =   ----    ----
   PDATA SIZE       =   ----    ----
   DATA SIZE        =   ----    ----
   IDATA SIZE       =   ----    ----
   BIT SIZE         =   ----    ----
END OF MODULE INFORMATION.


C51 COMPILATION COMPLETE.  0 WARNING(S),  0 ERROR(S)
