C51 COMPILER V7.50   SW1                                                                   08/17/2018 19:58:47 PAGE 1   


C51 COMPILER V7.50, COMPILATION OF MODULE SW1
OBJECT MODULE PLACED IN SW1.OBJ
COMPILER INVOKED BY: C:\Keil\C51\BIN\C51.EXE SW1.c BROWSE DEBUG OBJECTEXTEND

line level    source

   1          #include<reg51.h>
   2          sbit sw=P2^0;
   3          sbit led=P2^1;
   4          void main (void)
   5          {
   6   1      sw=1;//act as i/p
   7   1      led=0;//act as o/p
   8   1      while(1)
   9   1      {
  10   2      if(sw==0)
  11   2      led=1;//led on
  12   2      else
  13   2      led=0;
  14   2      }//end of while
  15   1      }//end of main


MODULE INFORMATION:   STATIC OVERLAYABLE
   CODE SIZE        =     15    ----
   CONSTANT SIZE    =   ----    ----
   XDATA SIZE       =   ----    ----
   PDATA SIZE       =   ----    ----
   DATA SIZE        =   ----    ----
   IDATA SIZE       =   ----    ----
   BIT SIZE         =   ----    ----
END OF MODULE INFORMATION.


C51 COMPILATION COMPLETE.  0 WARNING(S),  0 ERROR(S)
